Build started...
18:35:59 **** Incremental Build of configuration TriCore Debug (TASKING) for project app ****
make --output-sync -j16 all 
TASKING VX-toolset for AURIX Development Studio (non-commercial): control program v1.1r8 Build 22011964
Building file: ../app/App_task.c
ctc W586: ["..\src\can.h" 230/7] unnamed struct/union field
Invoking: TASKING C/C++ Compiler
ctc W586: ["..\src\can.h" 228/4] unnamed struct/union field
cctc -cs --dep-file="app/App_task.d" --misrac-version=2004 "-fD:/DAQGitworplace/tc375_uds/MCU/app/TriCore Debug (TASKING)/TASKING_C_C___Compiler-Include_paths__-I_.opt" --iso=99 --c++14 --language=+volatile --exceptions --anachronisms --fp-model=3 -O0 --tradeoff=4 --compact-max-size=200 -g -Wc-w544 -Wc-w557 -Ctc37x -Y0 -N0 -Z0 -o "app/App_task.src" "../app/App_task.c" && \
if [ -f "app/App_task.d" ]; then sed.exe -r  -e 's/\b(.+\.o)\b/app\/\1/g' -e 's/\\/\//g' -e 's/\/\//\//g' -e 's/"//g' -e 's/([a-zA-Z]:\/)/\L\1/g' -e 's/\d32:/@TARGET_DELIMITER@/g; s/\\\d32/@ESCAPED_SPACE@/g; s/\d32/\\\d32/g; s/@ESCAPED_SPACE@/\\\d32/g; s/@TARGET_DELIMITER@/\d32:/g' "app/App_task.d" > "app/App_task.d_sed" && cp "app/App_task.d_sed" "app/App_task.d" && rm -f "app/App_task.d_sed" 2>/dev/null; else echo 'No dependency file to process';fi
0 errors, 2 warnings
Finished building: ../app/App_task.c
 
Building file: app/App_task.src
Invoking: TASKING Assembler
astc -Og -Os --no-warnings= --error-limit=42 -o  "app/App_task.o" "app/App_task.src"
Finished building: app/App_task.src
 
TASKING VX-toolset for AURIX Development Studio (non-commercial): assembler v1.1r8 Build 22011964
Building target: app.elf
Invoking: TASKING Linker
TASKING VX-toolset for AURIX Development Studio (non-commercial): control program v1.1r8 Build 22011964
cctc --lsl-file="../Lcf_Tasking_Tricore_Tc.lsl" -Wl-Oc -Wl-OL -Wl-Ot -Wl-Ox -Wl-Oy -Wl--map-file="app.map" -Wl-mc -Wl-mf -Wl-mi -Wl-mk -Wl-ml -Wl-mm -Wl-md -Wl-mr -Wl-mu --no-warnings= -Wl--error-limit=42 --fp-model=3 -lrt --lsl-core=vtc --exceptions --strict --anachronisms --force-c++ -Ctc37x -o"app.elf" -Wl-o"app.hex:IHEX"  ./src/can0.o ./src/gpio.o ./src/stm.o ./src/uart.o  ./rtos/portable/Tasking/TC3/port.o  ./rtos/portable/MemMang/heap_4.o  ./rtos/croutine.o ./rtos/event_groups.o ./rtos/list.o ./rtos/queue.o ./rtos/stream_buffer.o ./rtos/tasks.o ./rtos/timers.o  ./app/App_task.o  ./Libraries/iLLD/TC37A/Tricore/_PinMap/IfxAsclin_PinMap.o ./Libraries/iLLD/TC37A/Tricore/_PinMap/IfxCan_PinMap.o ./Libraries/iLLD/TC37A/Tricore/_PinMap/IfxCcu6_PinMap.o ./Libraries/iLLD/TC37A/Tricore/_PinMap/IfxDmu_PinMap.o ./Libraries/iLLD/TC37A/Tricore/_PinMap/IfxEdsadc_PinMap.o ./Libraries/iLLD/TC37A/Tricore/_PinMap/IfxEray_PinMap.o ./Libraries/iLLD/TC37A/Tricore/_PinMap/IfxEvadc_PinMap.o ./Libraries/iLLD/TC37A/Tricore/_PinMap/IfxGeth_PinMap.o ./Libraries/iLLD/TC37A/Tricore/_PinMap/IfxGpt12_PinMap.o ./Libraries/iLLD/TC37A/Tricore/_PinMap/IfxGtm_PinMap.o ./Libraries/iLLD/TC37A/Tricore/_PinMap/IfxI2c_PinMap.o ./Libraries/iLLD/TC37A/Tricore/_PinMap/IfxMsc_PinMap.o ./Libraries/iLLD/TC37A/Tricore/_PinMap/IfxPms_PinMap.o ./Libraries/iLLD/TC37A/Tricore/_PinMap/IfxPort_PinMap.o ./Libraries/iLLD/TC37A/Tricore/_PinMap/IfxPsi5_PinMap.o ./Libraries/iLLD/TC37A/Tricore/_PinMap/IfxPsi5s_PinMap.o ./Libraries/iLLD/TC37A/Tricore/_PinMap/IfxQspi_PinMap.o ./Libraries/iLLD/TC37A/Tricore/_PinMap/IfxScu_PinMap.o ./Libraries/iLLD/TC37A/Tricore/_PinMap/IfxSent_PinMap.o ./Libraries/iLLD/TC37A/Tricore/_PinMap/IfxSmu_PinMap.o  ./Libraries/iLLD/TC37A/Tricore/_Lib/DataHandling/Ifx_CircularBuffer.asm.o ./Libraries/iLLD/TC37A/Tricore/_Lib/DataHandling/Ifx_CircularBuffer.o ./Libraries/iLLD/TC37A/Tricore/_Lib/DataHandling/Ifx_Fifo.o  ./Libraries/iLLD/TC37A/Tricore/_Impl/IfxAsclin_cfg.o ./Libraries/iLLD/TC37A/Tricore/_Impl/IfxCan_cfg.o ./Libraries/iLLD/TC37A/Tricore/_Impl/IfxCcu6_cfg.o ./Libraries/iLLD/TC37A/Tricore/_Impl/IfxCpu_cfg.o ./Libraries/iLLD/TC37A/Tricore/_Impl/IfxDma_cfg.o ./Libraries/iLLD/TC37A/Tricore/_Impl/IfxEray_cfg.o ./Libraries/iLLD/TC37A/Tricore/_Impl/IfxEvadc_cfg.o ./Libraries/iLLD/TC37A/Tricore/_Impl/IfxFlash_cfg.o ./Libraries/iLLD/TC37A/Tricore/_Impl/IfxGeth_cfg.o ./Libraries/iLLD/TC37A/Tricore/_Impl/IfxGtm_cfg.o ./Libraries/iLLD/TC37A/Tricore/_Impl/IfxHssl_cfg.o ./Libraries/iLLD/TC37A/Tricore/_Impl/IfxI2c_cfg.o ./Libraries/iLLD/TC37A/Tricore/_Impl/IfxMsc_cfg.o ./Libraries/iLLD/TC37A/Tricore/_Impl/IfxMtu_cfg.o ./Libraries/iLLD/TC37A/Tricore/_Impl/IfxPort_cfg.o ./Libraries/iLLD/TC37A/Tricore/_Impl/IfxPsi5_cfg.o ./Libraries/iLLD/TC37A/Tricore/_Impl/IfxQspi_cfg.o ./Libraries/iLLD/TC37A/Tricore/_Impl/IfxScu_cfg.o ./Libraries/iLLD/TC37A/Tricore/_Impl/IfxSent_cfg.o ./Libraries/iLLD/TC37A/Tricore/_Impl/IfxSmu_cfg.o ./Libraries/iLLD/TC37A/Tricore/_Impl/IfxSrc_cfg.o ./Libraries/iLLD/TC37A/Tricore/_Impl/IfxStm_cfg.o  ./Libraries/iLLD/TC37A/Tricore/Stm/Std/IfxStm.o  ./Libraries/iLLD/TC37A/Tricore/Src/Std/IfxSrc.o  ./Libraries/iLLD/TC37A/Tricore/Scu/Std/IfxScuCcu.o ./Libraries/iLLD/TC37A/Tricore/Scu/Std/IfxScuEru.o ./Libraries/iLLD/TC37A/Tricore/Scu/Std/IfxScuLbist.o ./Libraries/iLLD/TC37A/Tricore/Scu/Std/IfxScuRcu.o ./Libraries/iLLD/TC37A/Tricore/Scu/Std/IfxScuWdt.o  ./Libraries/iLLD/TC37A/Tricore/Port/Std/IfxPort.o  ./Libraries/iLLD/TC37A/Tricore/Port/Io/IfxPort_Io.o  ./Libraries/iLLD/TC37A/Tricore/Pms/Std/IfxPmsEvr.o ./Libraries/iLLD/TC37A/Tricore/Pms/Std/IfxPmsPm.o  ./Libraries/iLLD/TC37A/Tricore/Mtu/Std/IfxMtu.o  ./Libraries/iLLD/TC37A/Tricore/Gtm/Std/IfxGtm.o ./Libraries/iLLD/TC37A/Tricore/Gtm/Std/IfxGtm_Atom.o ./Libraries/iLLD/TC37A/Tricore/Gtm/Std/IfxGtm_Cmu.o ./Libraries/iLLD/TC37A/Tricore/Gtm/Std/IfxGtm_Dpll.o ./Libraries/iLLD/TC37A/Tricore/Gtm/Std/IfxGtm_Dtm.o ./Libraries/iLLD/TC37A/Tricore/Gtm/Std/IfxGtm_Psm.o ./Libraries/iLLD/TC37A/Tricore/Gtm/Std/IfxGtm_Spe.o ./Libraries/iLLD/TC37A/Tricore/Gtm/Std/IfxGtm_Tbu.o ./Libraries/iLLD/TC37A/Tricore/Gtm/Std/IfxGtm_Tim.o ./Libraries/iLLD/TC37A/Tricore/Gtm/Std/IfxGtm_Tom.o  ./Libraries/iLLD/TC37A/Tricore/Cpu/Trap/IfxCpu_Trap.o  ./Libraries/iLLD/TC37A/Tricore/Cpu/Std/IfxCpu.o  ./Libraries/iLLD/TC37A/Tricore/Cpu/Irq/IfxCpu_Irq.o  ./Libraries/iLLD/TC37A/Tricore/Can/Std/IfxCan.o  ./Libraries/iLLD/TC37A/Tricore/Can/Can/IfxCan_Can.o  ./Libraries/iLLD/TC37A/Tricore/Asclin/Std/IfxAsclin.o  ./Libraries/iLLD/TC37A/Tricore/Asclin/Asc/IfxAsclin_Asc.o  ./Libraries/Service/CpuGeneric/SysSe/Comm/Ifx_Console.o ./Libraries/Service/CpuGeneric/SysSe/Comm/Ifx_Shell.o  ./Libraries/Service/CpuGeneric/SysSe/Bsp/Assert.o ./Libraries/Service/CpuGeneric/SysSe/Bsp/Bsp.o  ./Libraries/Service/CpuGeneric/StdIf/IfxStdIf_DPipe.o ./Libraries/Service/CpuGeneric/StdIf/IfxStdIf_Pos.o ./Libraries/Service/CpuGeneric/StdIf/IfxStdIf_PwmHl.o ./Libraries/Service/CpuGeneric/StdIf/IfxStdIf_Timer.o  ./Libraries/Infra/Ssw/TC37A/Tricore/Ifx_Ssw_Infra.o ./Libraries/Infra/Ssw/TC37A/Tricore/Ifx_Ssw_Tc0.o ./Libraries/Infra/Ssw/TC37A/Tricore/Ifx_Ssw_Tc1.o ./Libraries/Infra/Ssw/TC37A/Tricore/Ifx_Ssw_Tc2.o  ./Libraries/Infra/Platform/Tricore/Compilers/CompilerDcc.o ./Libraries/Infra/Platform/Tricore/Compilers/CompilerGcc.o ./Libraries/Infra/Platform/Tricore/Compilers/CompilerGhs.o ./Libraries/Infra/Platform/Tricore/Compilers/CompilerGnuc.o ./Libraries/Infra/Platform/Tricore/Compilers/CompilerTasking.o  ./Configurations/Debug/sync_on_halt.o  ./Configurations/Ifx_Cfg_Ssw.o ./Configurations/Ifx_Cfg_SswBmhd.o  ./Cpu0_Main.o ./Cpu1_Main.o ./Cpu2_Main.o 
Finished building target: app.elf
 
TASKING VX-toolset for AURIX Development Studio (non-commercial): ELF size v1.1r8 Build 22011964
Invoking: Print Size
elfsize  "app.elf"
Total sizes:
ROM: 0x9399 (37785) = code: 0x7c60 (31840) + romdata: 0x1739 (5945)
RAM: 0x19b0d (105229) = data + bss
Finished building: app.siz
 
Build started...
18:36:04 **** Incremental Build of configuration TriCore Debug (TASKING) for project app ****
make --output-sync -j16 all 
Invoking: Print Size
elfsize  "app.elf"
Total sizes:
ROM: 0x9399 (37785) = code: 0x7c60 (31840) + romdata: 0x1739 (5945)
RAM: 0x19b0d (105229) = data + bss
Finished building: app.siz
 
TASKING VX-toolset for AURIX Development Studio (non-commercial): ELF size v1.1r8 Build 22011964
AURIX Flasher Software Tool 1.0.8.0, built on 2023/7/7 22:18:22
Connected to device... [TRICORE] DAS JDS miniWiggler JTAG/DAP/SPD V2
::Loading HEX file .......... 
 ::Warning: The given program file is trying to write on reserved memory addresses, which will be skipped.
::Erasing Flash memory .......... (Pass)
::Programming Flash memory .......... (Pass)
Overall time: 41835 ms
AURIXFlasher Exit Status: Pass
Flashing was successfull
